CHIT1|HEXA	compound
CHIT1|TSD	compound
CHI3|HEXA	compound
CHI3|TSD	compound
CHIT|HEXA	compound
CHIT|TSD	compound
CHITD|HEXA	compound
CHITD|TSD	compound
CHIT1|NAGK	compound
CHIT1|GNK	compound
CHIT1|HSA242910	compound
CHI3|NAGK	compound
CHI3|GNK	compound
CHI3|HSA242910	compound
CHIT|NAGK	compound
CHIT|GNK	compound
CHIT|HSA242910	compound
CHITD|NAGK	compound
CHITD|GNK	compound
CHITD|HSA242910	compound
CHIT1|RENBP	compound
CHIT1|RBP	compound
CHIT1|RNBP	compound
CHI3|RENBP	compound
CHI3|RBP	compound
CHI3|RNBP	compound
CHIT|RENBP	compound
CHIT|RBP	compound
CHIT|RNBP	compound
CHITD|RENBP	compound
CHITD|RBP	compound
CHITD|RNBP	compound
HEXA|NAGK	compound
HEXA|GNK	compound
HEXA|HSA242910	compound
TSD|NAGK	compound
TSD|GNK	compound
TSD|HSA242910	compound
HEXA|RENBP	compound
HEXA|RBP	compound
HEXA|RNBP	compound
TSD|RENBP	compound
TSD|RBP	compound
TSD|RNBP	compound
NAGK|RENBP	compound
NAGK|RBP	compound
NAGK|RNBP	compound
GNK|RENBP	compound
GNK|RBP	compound
GNK|RNBP	compound
HSA242910|RENBP	compound
HSA242910|RBP	compound
HSA242910|RNBP	compound
NAGK|AMDHD2	compound
NAGK|CGI-14	compound
GNK|AMDHD2	compound
GNK|CGI-14	compound
HSA242910|AMDHD2	compound
HSA242910|CGI-14	compound
NAGK|GNPNAT1	compound
NAGK|GNA1	compound
NAGK|GNPNAT	compound
NAGK|Gpnat1	compound
GNK|GNPNAT1	compound
GNK|GNA1	compound
GNK|GNPNAT	compound
GNK|Gpnat1	compound
HSA242910|GNPNAT1	compound
HSA242910|GNA1	compound
HSA242910|GNPNAT	compound
HSA242910|Gpnat1	compound
NAGK|PGM3	compound
NAGK|AGM1	compound
NAGK|IMD23	compound
NAGK|PAGM	compound
NAGK|PGM_3	compound
GNK|PGM3	compound
GNK|AGM1	compound
GNK|IMD23	compound
GNK|PAGM	compound
GNK|PGM_3	compound
HSA242910|PGM3	compound
HSA242910|AGM1	compound
HSA242910|IMD23	compound
HSA242910|PAGM	compound
HSA242910|PGM_3	compound
AMDHD2|PGM3	compound
AMDHD2|AGM1	compound
AMDHD2|IMD23	compound
AMDHD2|PAGM	compound
AMDHD2|PGM_3	compound
CGI-14|PGM3	compound
CGI-14|AGM1	compound
CGI-14|IMD23	compound
CGI-14|PAGM	compound
CGI-14|PGM_3	compound
GNPNAT1|PGM3	compound
GNPNAT1|AGM1	compound
GNPNAT1|IMD23	compound
GNPNAT1|PAGM	compound
GNPNAT1|PGM_3	compound
GNA1|PGM3	compound
GNA1|AGM1	compound
GNA1|IMD23	compound
GNA1|PAGM	compound
GNA1|PGM_3	compound
GNPNAT|PGM3	compound
GNPNAT|AGM1	compound
GNPNAT|IMD23	compound
GNPNAT|PAGM	compound
GNPNAT|PGM_3	compound
Gpnat1|PGM3	compound
Gpnat1|AGM1	compound
Gpnat1|IMD23	compound
Gpnat1|PAGM	compound
Gpnat1|PGM_3	compound
PGM3|UAP1	compound
PGM3|AGX	compound
PGM3|AGX1	compound
PGM3|AGX2	compound
PGM3|SPAG2	compound
AGM1|UAP1	compound
AGM1|AGX	compound
AGM1|AGX1	compound
AGM1|AGX2	compound
AGM1|SPAG2	compound
IMD23|UAP1	compound
IMD23|AGX	compound
IMD23|AGX1	compound
IMD23|AGX2	compound
IMD23|SPAG2	compound
PAGM|UAP1	compound
PAGM|AGX	compound
PAGM|AGX1	compound
PAGM|AGX2	compound
PAGM|SPAG2	compound
PGM_3|UAP1	compound
PGM_3|AGX	compound
PGM_3|AGX1	compound
PGM_3|AGX2	compound
PGM_3|SPAG2	compound
UAP1|GNE	compound
UAP1|DMRV	compound
UAP1|GLCNE	compound
UAP1|IBM2	compound
UAP1|NM	compound
UAP1|Uae1	compound
AGX|GNE	compound
AGX|DMRV	compound
AGX|GLCNE	compound
AGX|IBM2	compound
AGX|NM	compound
AGX|Uae1	compound
AGX1|GNE	compound
AGX1|DMRV	compound
AGX1|GLCNE	compound
AGX1|IBM2	compound
AGX1|NM	compound
AGX1|Uae1	compound
AGX2|GNE	compound
AGX2|DMRV	compound
AGX2|GLCNE	compound
AGX2|IBM2	compound
AGX2|NM	compound
AGX2|Uae1	compound
SPAG2|GNE	compound
SPAG2|DMRV	compound
SPAG2|GLCNE	compound
SPAG2|IBM2	compound
SPAG2|NM	compound
SPAG2|Uae1	compound
RENBP|GNE	compound
RENBP|DMRV	compound
RENBP|GLCNE	compound
RENBP|IBM2	compound
RENBP|NM	compound
RENBP|Uae1	compound
RBP|GNE	compound
RBP|DMRV	compound
RBP|GLCNE	compound
RBP|IBM2	compound
RBP|NM	compound
RBP|Uae1	compound
RNBP|GNE	compound
RNBP|DMRV	compound
RNBP|GLCNE	compound
RNBP|IBM2	compound
RNBP|NM	compound
RNBP|Uae1	compound
RENBP|NPL	compound
RENBP|C112	compound
RENBP|C1orf13	compound
RENBP|NAL	compound
RENBP|NPL1	compound
RBP|NPL	compound
RBP|C112	compound
RBP|C1orf13	compound
RBP|NAL	compound
RBP|NPL1	compound
RNBP|NPL	compound
RNBP|C112	compound
RNBP|C1orf13	compound
RNBP|NAL	compound
RNBP|NPL1	compound
RENBP|NANS	compound
RENBP|HEL-S-100	compound
RENBP|SAS	compound
RBP|NANS	compound
RBP|HEL-S-100	compound
RBP|SAS	compound
RNBP|NANS	compound
RNBP|HEL-S-100	compound
RNBP|SAS	compound
GNE|NPL	compound
GNE|C112	compound
GNE|C1orf13	compound
GNE|NAL	compound
GNE|NPL1	compound
DMRV|NPL	compound
DMRV|C112	compound
DMRV|C1orf13	compound
DMRV|NAL	compound
DMRV|NPL1	compound
GLCNE|NPL	compound
GLCNE|C112	compound
GLCNE|C1orf13	compound
GLCNE|NAL	compound
GLCNE|NPL1	compound
IBM2|NPL	compound
IBM2|C112	compound
IBM2|C1orf13	compound
IBM2|NAL	compound
IBM2|NPL1	compound
NM|NPL	compound
NM|C112	compound
NM|C1orf13	compound
NM|NAL	compound
NM|NPL1	compound
Uae1|NPL	compound
Uae1|C112	compound
Uae1|C1orf13	compound
Uae1|NAL	compound
Uae1|NPL1	compound
GNE|DMRV	compound
GNE|GLCNE	compound
GNE|IBM2	compound
GNE|NM	compound
GNE|Uae1	compound
DMRV|GNE	compound
DMRV|GLCNE	compound
DMRV|IBM2	compound
DMRV|NM	compound
DMRV|Uae1	compound
GLCNE|GNE	compound
GLCNE|DMRV	compound
GLCNE|IBM2	compound
GLCNE|NM	compound
GLCNE|Uae1	compound
IBM2|GNE	compound
IBM2|DMRV	compound
IBM2|GLCNE	compound
IBM2|NM	compound
IBM2|Uae1	compound
NM|GNE	compound
NM|DMRV	compound
NM|GLCNE	compound
NM|IBM2	compound
NM|Uae1	compound
Uae1|GNE	compound
Uae1|DMRV	compound
Uae1|GLCNE	compound
Uae1|IBM2	compound
Uae1|NM	compound
GNE|NANS	compound
GNE|HEL-S-100	compound
GNE|SAS	compound
DMRV|NANS	compound
DMRV|HEL-S-100	compound
DMRV|SAS	compound
GLCNE|NANS	compound
GLCNE|HEL-S-100	compound
GLCNE|SAS	compound
IBM2|NANS	compound
IBM2|HEL-S-100	compound
IBM2|SAS	compound
NM|NANS	compound
NM|HEL-S-100	compound
NM|SAS	compound
Uae1|NANS	compound
Uae1|HEL-S-100	compound
Uae1|SAS	compound
NPL|GNE	compound
NPL|DMRV	compound
NPL|GLCNE	compound
NPL|IBM2	compound
NPL|NM	compound
NPL|Uae1	compound
C112|GNE	compound
C112|DMRV	compound
C112|GLCNE	compound
C112|IBM2	compound
C112|NM	compound
C112|Uae1	compound
C1orf13|GNE	compound
C1orf13|DMRV	compound
C1orf13|GLCNE	compound
C1orf13|IBM2	compound
C1orf13|NM	compound
C1orf13|Uae1	compound
NAL|GNE	compound
NAL|DMRV	compound
NAL|GLCNE	compound
NAL|IBM2	compound
NAL|NM	compound
NAL|Uae1	compound
NPL1|GNE	compound
NPL1|DMRV	compound
NPL1|GLCNE	compound
NPL1|IBM2	compound
NPL1|NM	compound
NPL1|Uae1	compound
NPL|NANS	compound
NPL|HEL-S-100	compound
NPL|SAS	compound
C112|NANS	compound
C112|HEL-S-100	compound
C112|SAS	compound
C1orf13|NANS	compound
C1orf13|HEL-S-100	compound
C1orf13|SAS	compound
NAL|NANS	compound
NAL|HEL-S-100	compound
NAL|SAS	compound
NPL1|NANS	compound
NPL1|HEL-S-100	compound
NPL1|SAS	compound
NANS|GNE	compound
NANS|DMRV	compound
NANS|GLCNE	compound
NANS|IBM2	compound
NANS|NM	compound
NANS|Uae1	compound
HEL-S-100|GNE	compound
HEL-S-100|DMRV	compound
HEL-S-100|GLCNE	compound
HEL-S-100|IBM2	compound
HEL-S-100|NM	compound
HEL-S-100|Uae1	compound
SAS|GNE	compound
SAS|DMRV	compound
SAS|GLCNE	compound
SAS|IBM2	compound
SAS|NM	compound
SAS|Uae1	compound
NANS|NANP	compound
NANS|C20orf147	compound
NANS|HDHD4	compound
NANS|dJ694B14.3	compound
HEL-S-100|NANP	compound
HEL-S-100|C20orf147	compound
HEL-S-100|HDHD4	compound
HEL-S-100|dJ694B14.3	compound
SAS|NANP	compound
SAS|C20orf147	compound
SAS|HDHD4	compound
SAS|dJ694B14.3	compound
NANS|CMAS	compound
NANS|CSS	compound
HEL-S-100|CMAS	compound
HEL-S-100|CSS	compound
SAS|CMAS	compound
SAS|CSS	compound
NANP|CMAS	compound
NANP|CSS	compound
C20orf147|CMAS	compound
C20orf147|CSS	compound
HDHD4|CMAS	compound
HDHD4|CSS	compound
dJ694B14.3|CMAS	compound
dJ694B14.3|CSS	compound
GNPNAT1|HK1	compound
GNPNAT1|HK1-ta	compound
GNPNAT1|HK1-tb	compound
GNPNAT1|HK1-tc	compound
GNPNAT1|HKD	compound
GNPNAT1|HKI	compound
GNPNAT1|HMSNR	compound
GNPNAT1|HXK1	compound
GNA1|HK1	compound
GNA1|HK1-ta	compound
GNA1|HK1-tb	compound
GNA1|HK1-tc	compound
GNA1|HKD	compound
GNA1|HKI	compound
GNA1|HMSNR	compound
GNA1|HXK1	compound
GNPNAT|HK1	compound
GNPNAT|HK1-ta	compound
GNPNAT|HK1-tb	compound
GNPNAT|HK1-tc	compound
GNPNAT|HKD	compound
GNPNAT|HKI	compound
GNPNAT|HMSNR	compound
GNPNAT|HXK1	compound
Gpnat1|HK1	compound
Gpnat1|HK1-ta	compound
Gpnat1|HK1-tb	compound
Gpnat1|HK1-tc	compound
Gpnat1|HKD	compound
Gpnat1|HKI	compound
Gpnat1|HMSNR	compound
Gpnat1|HXK1	compound
GNPNAT1|GNPDA1	compound
GNPNAT1|GNP1	compound
GNPNAT1|GNPDA	compound
GNPNAT1|GNPI	compound
GNPNAT1|GPI	compound
GNPNAT1|HLN	compound
GNA1|GNPDA1	compound
GNA1|GNP1	compound
GNA1|GNPDA	compound
GNA1|GNPI	compound
GNA1|GPI	compound
GNA1|HLN	compound
GNPNAT|GNPDA1	compound
GNPNAT|GNP1	compound
GNPNAT|GNPDA	compound
GNPNAT|GNPI	compound
GNPNAT|GPI	compound
GNPNAT|HLN	compound
Gpnat1|GNPDA1	compound
Gpnat1|GNP1	compound
Gpnat1|GNPDA	compound
Gpnat1|GNPI	compound
Gpnat1|GPI	compound
Gpnat1|HLN	compound
GNPNAT1|GFPT1	compound
GNPNAT1|CMS12	compound
GNPNAT1|CMSTA1	compound
GNPNAT1|GFA	compound
GNPNAT1|GFAT	compound
GNPNAT1|GFAT_1	compound
GNPNAT1|GFAT1	compound
GNPNAT1|GFAT1m	compound
GNPNAT1|GFPT	compound
GNPNAT1|GFPT1L	compound
GNPNAT1|MSLG	compound
GNA1|GFPT1	compound
GNA1|CMS12	compound
GNA1|CMSTA1	compound
GNA1|GFA	compound
GNA1|GFAT	compound
GNA1|GFAT_1	compound
GNA1|GFAT1	compound
GNA1|GFAT1m	compound
GNA1|GFPT	compound
GNA1|GFPT1L	compound
GNA1|MSLG	compound
GNPNAT|GFPT1	compound
GNPNAT|CMS12	compound
GNPNAT|CMSTA1	compound
GNPNAT|GFA	compound
GNPNAT|GFAT	compound
GNPNAT|GFAT_1	compound
GNPNAT|GFAT1	compound
GNPNAT|GFAT1m	compound
GNPNAT|GFPT	compound
GNPNAT|GFPT1L	compound
GNPNAT|MSLG	compound
Gpnat1|GFPT1	compound
Gpnat1|CMS12	compound
Gpnat1|CMSTA1	compound
Gpnat1|GFA	compound
Gpnat1|GFAT	compound
Gpnat1|GFAT_1	compound
Gpnat1|GFAT1	compound
Gpnat1|GFAT1m	compound
Gpnat1|GFPT	compound
Gpnat1|GFPT1L	compound
Gpnat1|MSLG	compound
AMDHD2|HK1	compound
AMDHD2|HK1-ta	compound
AMDHD2|HK1-tb	compound
AMDHD2|HK1-tc	compound
AMDHD2|HKD	compound
AMDHD2|HKI	compound
AMDHD2|HMSNR	compound
AMDHD2|HXK1	compound
CGI-14|HK1	compound
CGI-14|HK1-ta	compound
CGI-14|HK1-tb	compound
CGI-14|HK1-tc	compound
CGI-14|HKD	compound
CGI-14|HKI	compound
CGI-14|HMSNR	compound
CGI-14|HXK1	compound
AMDHD2|GNPDA1	compound
AMDHD2|GNP1	compound
AMDHD2|GNPDA	compound
AMDHD2|GNPI	compound
AMDHD2|GPI	compound
AMDHD2|HLN	compound
CGI-14|GNPDA1	compound
CGI-14|GNP1	compound
CGI-14|GNPDA	compound
CGI-14|GNPI	compound
CGI-14|GPI	compound
CGI-14|HLN	compound
AMDHD2|GFPT1	compound
AMDHD2|CMS12	compound
AMDHD2|CMSTA1	compound
AMDHD2|GFA	compound
AMDHD2|GFAT	compound
AMDHD2|GFAT_1	compound
AMDHD2|GFAT1	compound
AMDHD2|GFAT1m	compound
AMDHD2|GFPT	compound
AMDHD2|GFPT1L	compound
AMDHD2|MSLG	compound
CGI-14|GFPT1	compound
CGI-14|CMS12	compound
CGI-14|CMSTA1	compound
CGI-14|GFA	compound
CGI-14|GFAT	compound
CGI-14|GFAT_1	compound
CGI-14|GFAT1	compound
CGI-14|GFAT1m	compound
CGI-14|GFPT	compound
CGI-14|GFPT1L	compound
CGI-14|MSLG	compound
HK1|GNPDA1	compound
HK1|GNP1	compound
HK1|GNPDA	compound
HK1|GNPI	compound
HK1|GPI	compound
HK1|HLN	compound
HK1-ta|GNPDA1	compound
HK1-ta|GNP1	compound
HK1-ta|GNPDA	compound
HK1-ta|GNPI	compound
HK1-ta|GPI	compound
HK1-ta|HLN	compound
HK1-tb|GNPDA1	compound
HK1-tb|GNP1	compound
HK1-tb|GNPDA	compound
HK1-tb|GNPI	compound
HK1-tb|GPI	compound
HK1-tb|HLN	compound
HK1-tc|GNPDA1	compound
HK1-tc|GNP1	compound
HK1-tc|GNPDA	compound
HK1-tc|GNPI	compound
HK1-tc|GPI	compound
HK1-tc|HLN	compound
HKD|GNPDA1	compound
HKD|GNP1	compound
HKD|GNPDA	compound
HKD|GNPI	compound
HKD|GPI	compound
HKD|HLN	compound
HKI|GNPDA1	compound
HKI|GNP1	compound
HKI|GNPDA	compound
HKI|GNPI	compound
HKI|GPI	compound
HKI|HLN	compound
HMSNR|GNPDA1	compound
HMSNR|GNP1	compound
HMSNR|GNPDA	compound
HMSNR|GNPI	compound
HMSNR|GPI	compound
HMSNR|HLN	compound
HXK1|GNPDA1	compound
HXK1|GNP1	compound
HXK1|GNPDA	compound
HXK1|GNPI	compound
HXK1|GPI	compound
HXK1|HLN	compound
HK1|GFPT1	compound
HK1|CMS12	compound
HK1|CMSTA1	compound
HK1|GFA	compound
HK1|GFAT	compound
HK1|GFAT_1	compound
HK1|GFAT1	compound
HK1|GFAT1m	compound
HK1|GFPT	compound
HK1|GFPT1L	compound
HK1|MSLG	compound
HK1-ta|GFPT1	compound
HK1-ta|CMS12	compound
HK1-ta|CMSTA1	compound
HK1-ta|GFA	compound
HK1-ta|GFAT	compound
HK1-ta|GFAT_1	compound
HK1-ta|GFAT1	compound
HK1-ta|GFAT1m	compound
HK1-ta|GFPT	compound
HK1-ta|GFPT1L	compound
HK1-ta|MSLG	compound
HK1-tb|GFPT1	compound
HK1-tb|CMS12	compound
HK1-tb|CMSTA1	compound
HK1-tb|GFA	compound
HK1-tb|GFAT	compound
HK1-tb|GFAT_1	compound
HK1-tb|GFAT1	compound
HK1-tb|GFAT1m	compound
HK1-tb|GFPT	compound
HK1-tb|GFPT1L	compound
HK1-tb|MSLG	compound
HK1-tc|GFPT1	compound
HK1-tc|CMS12	compound
HK1-tc|CMSTA1	compound
HK1-tc|GFA	compound
HK1-tc|GFAT	compound
HK1-tc|GFAT_1	compound
HK1-tc|GFAT1	compound
HK1-tc|GFAT1m	compound
HK1-tc|GFPT	compound
HK1-tc|GFPT1L	compound
HK1-tc|MSLG	compound
HKD|GFPT1	compound
HKD|CMS12	compound
HKD|CMSTA1	compound
HKD|GFA	compound
HKD|GFAT	compound
HKD|GFAT_1	compound
HKD|GFAT1	compound
HKD|GFAT1m	compound
HKD|GFPT	compound
HKD|GFPT1L	compound
HKD|MSLG	compound
HKI|GFPT1	compound
HKI|CMS12	compound
HKI|CMSTA1	compound
HKI|GFA	compound
HKI|GFAT	compound
HKI|GFAT_1	compound
HKI|GFAT1	compound
HKI|GFAT1m	compound
HKI|GFPT	compound
HKI|GFPT1L	compound
HKI|MSLG	compound
HMSNR|GFPT1	compound
HMSNR|CMS12	compound
HMSNR|CMSTA1	compound
HMSNR|GFA	compound
HMSNR|GFAT	compound
HMSNR|GFAT_1	compound
HMSNR|GFAT1	compound
HMSNR|GFAT1m	compound
HMSNR|GFPT	compound
HMSNR|GFPT1L	compound
HMSNR|MSLG	compound
HXK1|GFPT1	compound
HXK1|CMS12	compound
HXK1|CMSTA1	compound
HXK1|GFA	compound
HXK1|GFAT	compound
HXK1|GFAT_1	compound
HXK1|GFAT1	compound
HXK1|GFAT1m	compound
HXK1|GFPT	compound
HXK1|GFPT1L	compound
HXK1|MSLG	compound
Fructose and mannose metabolism|HK1	compound
Fructose and mannose metabolism|HK1-ta	compound
Fructose and mannose metabolism|HK1-tb	compound
Fructose and mannose metabolism|HK1-tc	compound
Fructose and mannose metabolism|HKD	compound
Fructose and mannose metabolism|HKI	compound
Fructose and mannose metabolism|HMSNR	compound
Fructose and mannose metabolism|HXK1	compound
GFPT1|HK1	compound
GFPT1|HK1-ta	compound
GFPT1|HK1-tb	compound
GFPT1|HK1-tc	compound
GFPT1|HKD	compound
GFPT1|HKI	compound
GFPT1|HMSNR	compound
GFPT1|HXK1	compound
CMS12|HK1	compound
CMS12|HK1-ta	compound
CMS12|HK1-tb	compound
CMS12|HK1-tc	compound
CMS12|HKD	compound
CMS12|HKI	compound
CMS12|HMSNR	compound
CMS12|HXK1	compound
CMSTA1|HK1	compound
CMSTA1|HK1-ta	compound
CMSTA1|HK1-tb	compound
CMSTA1|HK1-tc	compound
CMSTA1|HKD	compound
CMSTA1|HKI	compound
CMSTA1|HMSNR	compound
CMSTA1|HXK1	compound
GFA|HK1	compound
GFA|HK1-ta	compound
GFA|HK1-tb	compound
GFA|HK1-tc	compound
GFA|HKD	compound
GFA|HKI	compound
GFA|HMSNR	compound
GFA|HXK1	compound
GFAT|HK1	compound
GFAT|HK1-ta	compound
GFAT|HK1-tb	compound
GFAT|HK1-tc	compound
GFAT|HKD	compound
GFAT|HKI	compound
GFAT|HMSNR	compound
GFAT|HXK1	compound
GFAT_1|HK1	compound
GFAT_1|HK1-ta	compound
GFAT_1|HK1-tb	compound
GFAT_1|HK1-tc	compound
GFAT_1|HKD	compound
GFAT_1|HKI	compound
GFAT_1|HMSNR	compound
GFAT_1|HXK1	compound
GFAT1|HK1	compound
GFAT1|HK1-ta	compound
GFAT1|HK1-tb	compound
GFAT1|HK1-tc	compound
GFAT1|HKD	compound
GFAT1|HKI	compound
GFAT1|HMSNR	compound
GFAT1|HXK1	compound
GFAT1m|HK1	compound
GFAT1m|HK1-ta	compound
GFAT1m|HK1-tb	compound
GFAT1m|HK1-tc	compound
GFAT1m|HKD	compound
GFAT1m|HKI	compound
GFAT1m|HMSNR	compound
GFAT1m|HXK1	compound
GFPT|HK1	compound
GFPT|HK1-ta	compound
GFPT|HK1-tb	compound
GFPT|HK1-tc	compound
GFPT|HKD	compound
GFPT|HKI	compound
GFPT|HMSNR	compound
GFPT|HXK1	compound
GFPT1L|HK1	compound
GFPT1L|HK1-ta	compound
GFPT1L|HK1-tb	compound
GFPT1L|HK1-tc	compound
GFPT1L|HKD	compound
GFPT1L|HKI	compound
GFPT1L|HMSNR	compound
GFPT1L|HXK1	compound
MSLG|HK1	compound
MSLG|HK1-ta	compound
MSLG|HK1-tb	compound
MSLG|HK1-tc	compound
MSLG|HKD	compound
MSLG|HKI	compound
MSLG|HMSNR	compound
MSLG|HXK1	compound
GFPT1|Glycolysis / Gluconeogenesis	compound
CMS12|Glycolysis / Gluconeogenesis	compound
CMSTA1|Glycolysis / Gluconeogenesis	compound
GFA|Glycolysis / Gluconeogenesis	compound
GFAT|Glycolysis / Gluconeogenesis	compound
GFAT_1|Glycolysis / Gluconeogenesis	compound
GFAT1|Glycolysis / Gluconeogenesis	compound
GFAT1m|Glycolysis / Gluconeogenesis	compound
GFPT|Glycolysis / Gluconeogenesis	compound
GFPT1L|Glycolysis / Gluconeogenesis	compound
MSLG|Glycolysis / Gluconeogenesis	compound
GFPT1|GPI	compound
GFPT1|AMF	compound
GFPT1|GNPI	compound
GFPT1|NLK	compound
GFPT1|PGI	compound
GFPT1|PHI	compound
GFPT1|SA-36	compound
GFPT1|SA36	compound
CMS12|GPI	compound
CMS12|AMF	compound
CMS12|GNPI	compound
CMS12|NLK	compound
CMS12|PGI	compound
CMS12|PHI	compound
CMS12|SA-36	compound
CMS12|SA36	compound
CMSTA1|GPI	compound
CMSTA1|AMF	compound
CMSTA1|GNPI	compound
CMSTA1|NLK	compound
CMSTA1|PGI	compound
CMSTA1|PHI	compound
CMSTA1|SA-36	compound
CMSTA1|SA36	compound
GFA|GPI	compound
GFA|AMF	compound
